{"first_name":"=4@59","last_name":")5@10:>2","email":"raki48@yandex.ru"}
{"email":"raki48@yandex.ru","firstName":"=4@59","lastName":")5@10:>2","phone":"+79287525605","role":";85=B"}
{"email":"raki48@yandex.ru","first_name":"=4@59","last_name":")5@10:>2","phone":"+79287525605","role":";85=B"}
{"email":"raki48@yandex.ru","first_name":"Андрей","last_name":"Щербаков","phone":"+79287525605","role":"Клиент"}
{"email":"raki48@yandex.ru","first_name":"Андрей","last_name":"Щербаков","phone":"+79287525605","role":"Клиент"}
{"email":"raki48@yandex.ru","first_name":"Андрей","last_name":"Щербаков","phone":"+79287525605","role":"Клиент"}
{"email":"raki48@yandex.ru","first_name":"Андрей","last_name":"Щербаков","phone":"+79287525605","role":"Клиент"}
{"email":"raki48@yandex.ru","first_name":"Андрей","last_name":"Щербаков","phone":"+79287525605","role":"Клиент"}
{"email":"raki48@yandex.ru","first_name":"Андрей","last_name":"Щербаков","phone":"+79287525605","role":"Клиент"}
{"email":"raki48@yandex.ru","first_name":"Андрей","last_name":"Щербаков","phone":"+79287525605","role":"Клиент"}
{"email":"raki48@yandex.ru","first_name":"Андрей","last_name":"Щербаков","phone":"+79287525605","role":"Клиент"}
{"email":"raki48@yandex.ru","first_name":"Андрей","last_name":"Щербаков","phone":"+79287525605","role":"Клиент"}
{"email":"raki48@yandex.ru","first_name":"Андрей","last_name":"Щербаков","phone":"+79287525605","role":"Клиент"}
{"email":"raki48@yandex.ru","first_name":"Андрей","last_name":"Щербаков","phone":"+79287525605","role":"Клиент"}
{"email":"raki48@yandex.ru","first_name":"Андрей","last_name":"Щербаков","phone":"+79287525605","role":"Клиент"}
{"email":"raki48@yandex.ru","first_name":"Андрей","last_name":"Щербаков","phone":"+79287525605","role":"Клиент"}
{"email":"raki48@yandex.ru","first_name":"Андрей","last_name":"Щербаков","phone":"+79287525605","role":"Клиент"}
{"email":"raki48@yandex.ru","first_name":"Андрей","last_name":"Щербаков","phone":"+79287525605","role":"Клиент"}
{"email":"raki48@yandex.ru","first_name":"Андрей","last_name":"Щербаков","phone":"+79287525605","role":"Клиент"}
{"email":"raki48@yandex.ru","first_name":"Андрей","last_name":"Щербаков","phone":"+79287525605","role":"Клиент"}
{"email":"raki48@yandex.ru","first_name":"Андрей","last_name":"Щербаков","phone":"+79287525605","role":"Клиент"}
{"email":"raki48@yandex.ru","first_name":"Андрей","last_name":"Щербаков","phone":"+79287525605","role":"Клиент"}
{"email":"raki48@yandex.ru","first_name":"Андрей","last_name":"Щербаков","phone":"+79287525605","role":"Клиент"}
{"email":"raki48@yandex.ru","first_name":"Андрей","last_name":"Щербаков","phone":"+79287525605","role":"Клиент"}
{"email":"raki48@yandex.ru","first_name":"Андрей","last_name":"Щербаков","phone":"+79287525605","role":"Клиент"}
{"email":"raki48@yandex.ru","first_name":"Андрей","last_name":"Щербаков","phone":"+79287525605","role":"Клиент"}
{"email":"raki48@yandex.ru","first_name":"Андрей","last_name":"Щербаков","phone":"+79287525605","role":"Клиент"}
{"email":"raki48@yandex.ru","first_name":"Андрей","last_name":"Щербаков","phone":"+79287525605","role":"Клиент"}
{"email":"raki48@yandex.ru","first_name":"Андрей","last_name":"Щербаков","phone":"+79287525605","role":"Клиент"}
{"email":"raki48@yandex.ru","first_name":"Андрей","last_name":"Щербаков","phone":"+79287525605","role":"Клиент"}
{"email":"raki48@yandex.ru","first_name":"Андрей","last_name":"Щербаков","phone":"+79287525605","role":"Клиент"}
{"email":"raki48@yandex.ru","first_name":"Андрей","last_name":"Щербаков","phone":"+79287525605","role":"Клиент"}
{"email":"raki48@yandex.ru","first_name":"Андрей","last_name":"Щербаков","phone":"+79287525605","role":"Клиент"}
{"email":"raki48@yandex.ru","first_name":"Андрей","last_name":"Щербаков","phone":"+79287525605","role":"Клиент"}
{"email":"raki48@yandex.ru","first_name":"Андрей","last_name":"Щербаков","phone":"+79287525605","role":"Клиент"}
{"first_name":"Андрей","last_name":"Щербаков","email":"raki48@yandex.ru"}
{"email":"raki48@yandex.ru","first_name":"Андрей","last_name":"Щербаков","phone":"+79287525605","role":"Клиент"}
{"email":"raki48@yandex.ru","first_name":"Андрей","last_name":"Щербаков","phone":"+79287525605","role":"Клиент"}
{"email":"raki48@yandex.ru","first_name":"Андрей","last_name":"Щербаков","phone":"+79287525605","role":"Клиент"}
{"email":"raki48@yandex.ru","first_name":"Андрей","last_name":"Щербаков","phone":"+79287525605","role":"Клиент"}
{"email":"raki48@yandex.ru","first_name":"Андрей","last_name":"Щербаков","phone":"+79287525605","role":"Клиент"}
{"email":"raki48@yandex.ru","first_name":"Андрей","last_name":"Щербаков","phone":"+79287525605","role":"Клиент"}
{"email":"raki48@yandex.ru","first_name":"Андрей","last_name":"Щербаков","phone":"+79287525605","role":"Клиент"}
{"email":"raki48@yandex.ru","first_name":"Андрей","last_name":"Щербаков","phone":"+79287525605","role":"Клиент"}
{"email":"raki48@yandex.ru","first_name":"Андрей","last_name":"Щербаков","phone":"+79287525605","role":"Клиент"}
{"email":"raki48@yandex.ru","first_name":"Андрей","last_name":"Щербаков","phone":"+79287525605","role":"Клиент"}
{"email":"raki48@yandex.ru","first_name":"Андрей","last_name":"Щербаков","phone":"+79287525605","role":"Клиент"}
{"email":"raki48@yandex.ru","first_name":"Андрей","last_name":"Щербаков","phone":"+79287525605","role":"Клиент"}
{"email":"raki48@yandex.ru","first_name":"Андрей","last_name":"Щербаков","phone":"+79287525605","role":"Клиент"}
{"email":"raki48@yandex.ru","first_name":"Андрей","last_name":"Щербаков","phone":"+79287525605","role":"Клиент"}
{"email":"raki48@yandex.ru","first_name":"Андрей","last_name":"Щербаков","phone":"+79287525605","role":"Клиент"}
{"email":"raki48@yandex.ru","first_name":"Андрей","last_name":"Щербаков","phone":"+79287525605","role":"Клиент"}
{"email":"raki48@yandex.ru","first_name":"Андрей","last_name":"Щербаков","phone":"+79287525605","role":"Клиент"}
{"email":"raki48@yandex.ru","first_name":"Андрей","last_name":"Щербаков","phone":"+79287525605","role":"Клиент"}
{"email":"raki48@yandex.ru","first_name":"Андрей","last_name":"Щербаков","phone":"+79287525605","role":"Клиент"}
{"email":"raki48@yandex.ru","first_name":"Андрей","last_name":"Щербаков","phone":"+79287525605","role":"Клиент"}
{"email":"raki48@yandex.ru","first_name":"Андрей","last_name":"Щербаков","phone":"+79287525605","role":"Клиент"}
{"email":"raki48@yandex.ru","first_name":"Андрей","last_name":"Щербаков","phone":"+79287525605","role":"Клиент"}
{"first_name":"Андрей","last_name":"Щербаков","email":"raki48@yandex.ru"}
{"email":"raki48@yandex.ru","first_name":"Андрей","last_name":"Щербаков","phone":"+79287525605","role":"Клиент"}
{"email":"raki48@yandex.ru","first_name":"Андрей","last_name":"Щербаков","phone":"+79287525605","role":"Клиент"}
{"email":"raki48@yandex.ru","first_name":"Андрей","last_name":"Щербаков","phone":"+79287525605","role":"Клиент"}
{"email":"raki48@yandex.ru","first_name":"Андрей","last_name":"Щербаков","phone":"+79287525605","role":"Клиент"}
{"email":"raki48@yandex.ru","first_name":"Андрей","last_name":"Щербаков","phone":"+79287525605","role":"Клиент"}
{"email":"raki48@yandex.ru","first_name":"Андрей","last_name":"Щербаков","phone":"+79287525605","role":"Клиент"}
{"email":"raki48@yandex.ru","first_name":"Андрей","last_name":"Щербаков","phone":"+79287525605","role":"Клиент"}
{"email":"raki48@yandex.ru","first_name":"Андрей","last_name":"Щербаков","phone":"+79287525605","role":"Клиент"}
{"email":"raki48@yandex.ru","first_name":"Андрей","last_name":"Щербаков","phone":"+79287525605","role":"Клиент"}
{"email":"raki48@yandex.ru","first_name":"Андрей","last_name":"Щербаков","phone":"+79287525605","role":"Клиент"}
{"email":"raki48@yandex.ru","first_name":"Андрей","last_name":"Щербаков","phone":"+79287525605","role":"Клиент"}
{"email":"raki48@yandex.ru","first_name":"Андрей","last_name":"Щербаков","phone":"+79287525605","role":"Клиент"}
{"email":"raki48@yandex.ru","first_name":"Андрей","last_name":"Щербаков","phone":"+79287525605","role":"Клиент"}
{"email":"raki48@yandex.ru","first_name":"Андрей","last_name":"Щербаков","phone":"+79287525605","role":"Клиент"}
{"email":"raki48@yandex.ru","first_name":"Андрей","last_name":"Щербаков","phone":"+79287525605","role":"Клиент"}
{"email":"raki48@yandex.ru","first_name":"Андрей","last_name":"Щербаков","phone":"+79287525605","role":"Клиент"}
{"email":"raki48@yandex.ru","first_name":"Андрей","last_name":"Щербаков","phone":"+79287525605","role":"Клиент"}
{"email":"raki48@yandex.ru","first_name":"Андрей","last_name":"Щербаков","phone":"+79287525605","role":"Клиент"}
{"email":"raki48@yandex.ru","first_name":"Андрей","last_name":"Щербаков","phone":"+79287525605","role":"Клиент"}
{"email":"raki48@yandex.ru","first_name":"Андрей","last_name":"Щербаков","phone":"+79287525605","role":"Клиент"}
{"email":"raki48@yandex.ru","first_name":"Андрей","last_name":"Щербаков","phone":"+79287525605","role":"Клиент"}
{"email":"raki48@yandex.ru","first_name":"Андрей","last_name":"Щербаков","phone":"+79287525605","role":"Клиент"}
{"email":"raki48@yandex.ru","first_name":"Андрей","last_name":"Щербаков","phone":"+79287525605","role":"Клиент"}
{"email":"raki48@yandex.ru","first_name":"Андрей","last_name":"Щербаков","phone":"+79287525605","role":"Клиент"}
{"email":"raki48@yandex.ru","first_name":"Андрей","last_name":"Щербаков","phone":"+79287525605","role":"Клиент"}
{"email":"raki48@yandex.ru","first_name":"Андрей","last_name":"Щербаков","phone":"+79287525605","role":"Клиент"}
{"email":"raki48@yandex.ru","first_name":"Андрей","last_name":"Щербаков","phone":"+79287525605","role":"Клиент"}
{"email":"raki48@yandex.ru","first_name":"Андрей","last_name":"Щербаков","phone":"+79287525605","role":"Клиент"}
{"email":"raki48@yandex.ru","first_name":"Андрей","last_name":"Щербаков","phone":"+79287525605","role":"Клиент"}
{"email":"raki48@yandex.ru","first_name":"Андрей","last_name":"Щербаков","phone":"+79287525605","role":"Клиент"}
{"email":"raki48@yandex.ru","first_name":"Андрей","last_name":"Щербаков","phone":"+79287525605","role":"Клиент"}
{"email":"raki48@yandex.ru","first_name":"Андрей","last_name":"Щербаков","phone":"+79287525605","role":"Клиент"}
{"email":"raki48@yandex.ru","first_name":"Андрей","last_name":"Щербаков","phone":"+79287525605","role":"Клиент"}
{"first_name":"Андрей","last_name":"Щербаков","email":"raki48@yandex.ru"}
{"email":"raki48@yandex.ru","first_name":"Андрей","last_name":"Щербаков","phone":"+79287525605","role":"Клиент"}
{"email":"raki48@yandex.ru","first_name":"Андрей","last_name":"Щербаков","phone":"+79287525605","role":"Клиент"}
{"email":"raki48@yandex.ru","first_name":"Андрей","last_name":"Щербаков","phone":"+79287525605","role":"Клиент"}
{"email":"raki48@yandex.ru","first_name":"Андрей","last_name":"Щербаков","phone":"+79287525605","role":"Клиент"}
{"email":"raki48@yandex.ru","first_name":"Андрей","last_name":"Щербаков","phone":"+79287525605","role":"Клиент"}
{"email":"raki48@yandex.ru","first_name":"Андрей","last_name":"Щербаков","phone":"+79287525605","role":"Клиент"}
{"email":"raki48@yandex.ru","first_name":"Андрей","last_name":"Щербаков","phone":"+79287525605","role":"Клиент"}

{"email":"raki48@yandex.ru","first_name":"Андрей","last_name":"Щербаков","phone":"+79287525605","role":"Клиент"}





{"first_name":"Андрей","last_name":"Щербаков","email":"raki48@yandex.ru"}
{"first_name":"Андрей","last_name":"Щербаков","email":"raki48@yandex.ru"}
{"first_name":"Андрей","last_name":"Щербаков","email":"raki48@yandex.ru"}
{"first_name":"Андрей","last_name":"Щербаков","email":"raki48@yandex.ru"}
























{"first_name":"Андрей","last_name":"Щербаков","email":"raki48@yandex.ru"}
{"first_name":"Андрей","last_name":"Щербаков","email":"raki48@yandex.ru"}


{
    "first_name": "Андрей",
    "last_name": "Щербаков",
    "email": "raki48@yandex.ru"
}
{"email":"raki48@yandex.ru","first_name":"Андрей","last_name":"Щербаков","phone":"+79287525605","role":"Владелец"}
{"email":"raki48@yandex.ru","first_name":"Андрей","last_name":"Щербаков","phone":"+79287525605","role":"Клиент"}
{
    "first_name": "Андрей",
    "last_name": "Щербаков",
    "email": "raki48@yandex.ru"
}
{"email":"raki48@yandex.ru","first_name":"Андрей","last_name":"Щербаков","phone":"+79287525605","role":"Клиент"}
{"email":"raki48@yandex.ru","first_name":"Андрей","last_name":"Щербаков","phone":"+79287525605","role":"Клиент"}
{"email":"raki48@yandex.ru","first_name":"Андрей","last_name":"Щербаков","phone":"+79287525605","role":"Владелец"}
{"email":"raki48@yandex.ru","first_name":"Андрей","last_name":"Щербаков","phone":"+79287525605","role":"Владелец"}
{"email":"raki48@yandex.ru","first_name":"Андрей","last_name":"Щербаков","phone":"+79287525605","role":"Владелец"}
{"email":"raki48@yandex.ru","first_name":"Андрей","last_name":"Щербаков","phone":"+79287525605","role":"Владелец"}
{"email":"raki48@yandex.ru","first_name":"Андрей","last_name":"Щербаков","phone":"+79287525605","role":"Владелец"}
